d:\sam\engine_c++\first_project\x64\debug\vc141.pdb
d:\sam\engine_c++\first_project\x64\debug\vc141.idb
d:\sam\engine_c++\first_project\x64\debug\window.obj
d:\sam\engine_c++\first_project\x64\debug\renderer.obj
d:\sam\engine_c++\first_project\x64\debug\main.obj
d:\sam\engine_c++\first_project\x64\debug\engine.obj
d:\sam\engine_c++\first_project\x64\debug\rendersystem.obj
d:\sam\nuova cartella\engine_c++_components_based\first_project\x64\debug\vc141.pdb
d:\sam\nuova cartella\engine_c++_components_based\first_project\x64\debug\vc141.idb
d:\sam\nuova cartella\engine_c++_components_based\first_project\x64\debug\window.obj
d:\sam\nuova cartella\engine_c++_components_based\first_project\x64\debug\rendersystem.obj
d:\sam\nuova cartella\engine_c++_components_based\first_project\x64\debug\rendercomponent.obj
d:\sam\nuova cartella\engine_c++_components_based\first_project\x64\debug\main.obj
d:\sam\nuova cartella\engine_c++_components_based\first_project\x64\debug\engine.obj
d:\sam\nuova cartella\engine_c++_components_based\first_project\x64\debug\actorcomponent.obj
d:\sam\nuova cartella\engine_c++_components_based\first_project\x64\debug\actor.obj
d:\sam\nuova cartella\engine_c++_components_based\first_project\x64\debug\spritecomponent.obj
d:\sam\engine_c++\x64\debug\first_project.exe
d:\sam\engine_c++\x64\debug\first_project.ilk
d:\sam\engine_c++\x64\debug\first_project.pdb
d:\sam\nuova cartella\engine_c++_components_based\first_project\x64\debug\renderer.obj
d:\sam\nuova cartella\engine_c++_components_based\x64\debug\first_project.pdb
d:\sam\nuova cartella\engine_c++_components_based\first_project\x64\debug\first_project.tlog\cl.command.1.tlog
d:\sam\nuova cartella\engine_c++_components_based\first_project\x64\debug\first_project.tlog\cl.read.1.tlog
d:\sam\nuova cartella\engine_c++_components_based\first_project\x64\debug\first_project.tlog\cl.write.1.tlog
d:\sam\nuova cartella\engine_c++_components_based\first_project\x64\debug\first_project.tlog\link-cvtres.read.1.tlog
d:\sam\nuova cartella\engine_c++_components_based\first_project\x64\debug\first_project.tlog\link-cvtres.write.1.tlog
d:\sam\nuova cartella\engine_c++_components_based\first_project\x64\debug\first_project.tlog\link-rc.read.1.tlog
d:\sam\nuova cartella\engine_c++_components_based\first_project\x64\debug\first_project.tlog\link-rc.write.1.tlog
d:\sam\nuova cartella\engine_c++_components_based\first_project\x64\debug\first_project.tlog\link.13728-cvtres.read.1.tlog
d:\sam\nuova cartella\engine_c++_components_based\first_project\x64\debug\first_project.tlog\link.13728-cvtres.write.1.tlog
d:\sam\nuova cartella\engine_c++_components_based\first_project\x64\debug\first_project.tlog\link.13728-rc.read.1.tlog
d:\sam\nuova cartella\engine_c++_components_based\first_project\x64\debug\first_project.tlog\link.13728-rc.write.1.tlog
d:\sam\nuova cartella\engine_c++_components_based\first_project\x64\debug\first_project.tlog\link.13728.read.1.tlog
d:\sam\nuova cartella\engine_c++_components_based\first_project\x64\debug\first_project.tlog\link.13728.write.1.tlog
d:\sam\nuova cartella\engine_c++_components_based\first_project\x64\debug\first_project.tlog\link.command.1.tlog
d:\sam\nuova cartella\engine_c++_components_based\first_project\x64\debug\first_project.tlog\link.read.1.tlog
d:\sam\nuova cartella\engine_c++_components_based\first_project\x64\debug\first_project.tlog\link.write.1.tlog
